0 verbose cli D:\software\nodejs\node.exe D:\software\nodejs\node_modules\npm\bin\npm-cli.js
1 info using npm@10.2.3
2 info using node@v18.19.0
3 timing npm:load:whichnode Completed in 4ms
4 timing config:load:defaults Completed in 4ms
5 timing config:load:file:D:\software\nodejs\node_modules\npm\npmrc Completed in 8ms
6 timing config:load:builtin Completed in 9ms
7 timing config:load:cli Completed in 4ms
8 timing config:load:env Completed in 3ms
9 timing config:load:project Completed in 5ms
10 timing config:load:file:C:\Users\Lethe\.npmrc Completed in 2ms
11 timing config:load:user Completed in 2ms
12 timing config:load:file:D:\software\nodejs\node_global\etc\npmrc Completed in 1ms
13 timing config:load:global Completed in 2ms
14 timing config:load:setEnvs Completed in 4ms
15 timing config:load Completed in 36ms
16 timing npm:load:configload Completed in 36ms
17 timing config:load:flatten Completed in 6ms
18 timing npm:load:mkdirpcache Completed in 2ms
19 timing npm:load:mkdirplogs Completed in 2ms
20 verbose title npm prefix
21 verbose argv "prefix" "--global"
22 timing npm:load:setTitle Completed in 2ms
23 timing npm:load:display Completed in 2ms
24 verbose logfile logs-max:10 dir:D:\PycharmProjects\MobTestPlatform\.npm-cache\_logs\2026-01-04T12_23_19_240Z-
25 verbose logfile D:\PycharmProjects\MobTestPlatform\.npm-cache\_logs\2026-01-04T12_23_19_240Z-debug-0.log
26 timing npm:load:logFile Completed in 18ms
27 timing npm:load:timers Completed in 0ms
28 timing npm:load:configScope Completed in 0ms
29 timing npm:load Completed in 130ms
30 timing command:prefix Completed in 3ms
31 verbose exit 0
32 timing npm Completed in 450ms
33 info ok
