0 verbose cli D:\software\nodejs\node.exe D:\software\nodejs\node_modules\npm\bin\npm-cli.js
1 info using npm@10.2.3
2 info using node@v18.19.0
3 timing npm:load:whichnode Completed in 2ms
4 timing config:load:defaults Completed in 5ms
5 timing config:load:file:D:\software\nodejs\node_modules\npm\npmrc Completed in 2ms
6 timing config:load:builtin Completed in 2ms
7 timing config:load:cli Completed in 2ms
8 timing config:load:env Completed in 1ms
9 timing config:load:file:D:\PycharmProjects\MobTestPlatform\.npmrc Completed in 0ms
10 timing config:load:project Completed in 2ms
11 timing config:load:file:C:\Users\Lethe\.npmrc Completed in 1ms
12 timing config:load:user Completed in 1ms
13 timing config:load:file:D:\software\nodejs\node_global\etc\npmrc Completed in 1ms
14 timing config:load:global Completed in 1ms
15 timing config:load:setEnvs Completed in 1ms
16 timing config:load Completed in 16ms
17 timing npm:load:configload Completed in 16ms
18 timing config:load:flatten Completed in 4ms
19 timing npm:load:mkdirpcache Completed in 1ms
20 timing npm:load:mkdirplogs Completed in 0ms
21 verbose title npm search @web-types
22 verbose argv "search" "--json" "@web-types"
23 timing npm:load:setTitle Completed in 2ms
24 timing npm:load:display Completed in 1ms
25 verbose logfile logs-max:10 dir:D:\PycharmProjects\MobTestPlatform\.npm-cache\_logs\2026-01-04T12_23_17_186Z-
26 verbose logfile D:\PycharmProjects\MobTestPlatform\.npm-cache\_logs\2026-01-04T12_23_17_186Z-debug-0.log
27 timing npm:load:logFile Completed in 9ms
28 timing npm:load:timers Completed in 0ms
29 timing npm:load:configScope Completed in 0ms
30 timing npm:load Completed in 63ms
31 silly search searching packages
32 silly logfile done cleaning log files
33 http fetch GET 200 https://registry.npmmirror.com/-/v1/search?text=%40web-types&size=20&from=0&quality=0.65&popularity=0.98&maintenance=0.5 573ms (cache miss)
34 silly search search completed
35 timing command:search Completed in 577ms
36 verbose exit 0
37 timing npm Completed in 1240ms
38 info ok
